<?xml version="1.0" encoding="UTF-8"?>
<!-- Generated by org.testng.reporters.JUnitXMLReporter -->
<testsuite ignored="0" hostname="LAPTOP-AMIT" failures="0" tests="6" name="Default test" time="172.925" errors="0" timestamp="2020-12-18T08:35:31 IST">
  <testcase classname="AmazonSiteTesting.AmazonTest" name="homePageNavigation" time="105.117"/>
  <testcase classname="AmazonSiteTesting.AmazonTest" name="search" time="4.337"/>
  <testcase classname="AmazonSiteTesting.AmazonTest" name="filter" time="14.785"/>
  <testcase classname="AmazonSiteTesting.AmazonTest" name="selectProduct" time="9.276"/>
  <testcase classname="AmazonSiteTesting.AmazonTest" name="addToCart" time="34.965"/>
  <testcase classname="AmazonSiteTesting.AmazonTest" name="login" time="0.002"/>
</testsuite> <!-- Default test -->
