<?xml version="1.0" encoding="UTF-8"?>
<!-- Generated by org.testng.reporters.JUnitXMLReporter -->
<testsuite hostname="LAPTOP-L8E83HAR" ignored="0" name="Test" tests="2" failures="1" timestamp="13 Dec 2020 08:30:31 GMT" time="9.747" errors="0">
  <testcase name="search" time="1.661" classname="AmazonSiteTesting.AmazonTest"/>
  <testcase name="search" time="1.679" classname="AmazonSiteTesting.AmazonTest">
    <failure type="java.lang.NullPointerException">
      <![CDATA[java.lang.NullPointerExceptionat AmazonSiteTesting.DriverInitialize.takeSuccessScreenShot(DriverInitialize.java:73)at AmazonSiteTesting.Listeners.onTestSuccess(Listeners.java:48)... Removed 22 stack frames]]>
    </failure>
  </testcase> <!-- search -->
</testsuite> <!-- Test -->
