<?xml version="1.0" encoding="UTF-8"?>
<!-- Generated by org.testng.reporters.JUnitXMLReporter -->
<testsuite ignored="0" hostname="LAPTOP-AMIT" failures="0" tests="5" name="Test" time="78.519" errors="0" timestamp="18 Dec 2020 02:28:53 GMT">
  <testcase classname="AmazonSiteTesting.AmazonTest" name="search" time="2.406"/>
  <testcase classname="AmazonSiteTesting.AmazonTest" name="filter" time="13.803"/>
  <testcase classname="AmazonSiteTesting.AmazonTest" name="selectProduct" time="9.98"/>
  <testcase classname="AmazonSiteTesting.AmazonTest" name="addToCart" time="34.031"/>
  <testcase classname="AmazonSiteTesting.AmazonTest" name="login" time="0.003"/>
</testsuite> <!-- Test -->
