<?xml version="1.0" encoding="UTF-8"?>
<testng-results ignored="0" total="5" passed="5" failed="0" skipped="0">
  <reporter-output>
  </reporter-output>
  <suite started-at="2020-12-18T02:27:35Z" name="Suite" finished-at="2020-12-18T02:28:53Z" duration-ms="78519">
    <groups>
    </groups>
    <test started-at="2020-12-18T02:27:35Z" name="Test" finished-at="2020-12-18T02:28:53Z" duration-ms="78519">
      <class name="AmazonSiteTesting.AmazonTest">
        <test-method is-config="true" signature="homePageNavigation()[pri:0, instance:AmazonSiteTesting.AmazonTest@4efcf8a]" started-at="2020-12-18T07:57:35Z" name="homePageNavigation" finished-at="2020-12-18T07:57:45Z" duration-ms="10604" status="PASS">
          <reporter-output>
          </reporter-output>
        </test-method> <!-- homePageNavigation -->
        <test-method signature="search()[pri:0, instance:AmazonSiteTesting.AmazonTest@4efcf8a]" started-at="2020-12-18T07:57:45Z" name="search" finished-at="2020-12-18T07:57:48Z" duration-ms="2406" status="PASS">
          <reporter-output>
          </reporter-output>
        </test-method> <!-- search -->
        <test-method signature="filter()[pri:0, instance:AmazonSiteTesting.AmazonTest@4efcf8a]" started-at="2020-12-18T07:57:48Z" name="filter" finished-at="2020-12-18T07:58:02Z" depends-on-methods="AmazonSiteTesting.AmazonTest.search" duration-ms="13803" status="PASS">
          <reporter-output>
          </reporter-output>
        </test-method> <!-- filter -->
        <test-method signature="selectProduct()[pri:0, instance:AmazonSiteTesting.AmazonTest@4efcf8a]" started-at="2020-12-18T07:58:03Z" name="selectProduct" finished-at="2020-12-18T07:58:13Z" depends-on-methods="AmazonSiteTesting.AmazonTest.filter" duration-ms="9980" status="PASS">
          <reporter-output>
          </reporter-output>
        </test-method> <!-- selectProduct -->
        <test-method signature="addToCart()[pri:0, instance:AmazonSiteTesting.AmazonTest@4efcf8a]" started-at="2020-12-18T07:58:14Z" name="addToCart" finished-at="2020-12-18T07:58:48Z" depends-on-methods="AmazonSiteTesting.AmazonTest.selectProduct" duration-ms="34031" status="PASS">
          <reporter-output>
          </reporter-output>
        </test-method> <!-- addToCart -->
        <test-method signature="login()[pri:0, instance:AmazonSiteTesting.AmazonTest@4efcf8a]" started-at="2020-12-18T07:58:51Z" name="login" finished-at="2020-12-18T07:58:51Z" depends-on-methods="AmazonSiteTesting.AmazonTest.addToCart" duration-ms="3" status="PASS">
          <reporter-output>
          </reporter-output>
        </test-method> <!-- login -->
        <test-method is-config="true" signature="afterTest()[pri:0, instance:AmazonSiteTesting.AmazonTest@4efcf8a]" started-at="2020-12-18T07:58:52Z" name="afterTest" finished-at="2020-12-18T07:58:53Z" duration-ms="1088" status="PASS">
          <reporter-output>
          </reporter-output>
        </test-method> <!-- afterTest -->
      </class> <!-- AmazonSiteTesting.AmazonTest -->
    </test> <!-- Test -->
  </suite> <!-- Suite -->
</testng-results>
