<?xml version="1.0" encoding="UTF-8"?>
<testng-results ignored="0" total="6" passed="6" failed="0" skipped="0">
  <reporter-output>
  </reporter-output>
  <suite started-at="2020-12-18T08:32:38 IST" name="Default suite" finished-at="2020-12-18T08:35:31 IST" duration-ms="172925">
    <groups>
    </groups>
    <test started-at="2020-12-18T08:32:38 IST" name="Default test" finished-at="2020-12-18T08:35:31 IST" duration-ms="172925">
      <class name="AmazonSiteTesting.AmazonTest">
        <test-method is-config="true" signature="getExcel()[pri:0, instance:AmazonSiteTesting.AmazonTest@61884cb1]" started-at="2020-12-18T08:32:38 IST" name="getExcel" finished-at="2020-12-18T08:32:38 IST" duration-ms="738" status="PASS">
          <reporter-output>
          </reporter-output>
        </test-method> <!-- getExcel -->
        <test-method signature="homePageNavigation()[pri:0, instance:AmazonSiteTesting.AmazonTest@61884cb1]" started-at="2020-12-18T08:32:38 IST" name="homePageNavigation" finished-at="2020-12-18T08:34:24 IST" duration-ms="105117" status="PASS">
          <reporter-output>
          </reporter-output>
        </test-method> <!-- homePageNavigation -->
        <test-method signature="search()[pri:0, instance:AmazonSiteTesting.AmazonTest@61884cb1]" started-at="2020-12-18T08:34:24 IST" name="search" finished-at="2020-12-18T08:34:28 IST" depends-on-methods="AmazonSiteTesting.AmazonTest.homePageNavigation" duration-ms="4337" status="PASS">
          <reporter-output>
          </reporter-output>
        </test-method> <!-- search -->
        <test-method signature="filter()[pri:0, instance:AmazonSiteTesting.AmazonTest@61884cb1]" started-at="2020-12-18T08:34:28 IST" name="filter" finished-at="2020-12-18T08:34:43 IST" depends-on-methods="AmazonSiteTesting.AmazonTest.search" duration-ms="14785" status="PASS">
          <reporter-output>
          </reporter-output>
        </test-method> <!-- filter -->
        <test-method signature="selectProduct()[pri:0, instance:AmazonSiteTesting.AmazonTest@61884cb1]" started-at="2020-12-18T08:34:43 IST" name="selectProduct" finished-at="2020-12-18T08:34:52 IST" depends-on-methods="AmazonSiteTesting.AmazonTest.filter" duration-ms="9276" status="PASS">
          <reporter-output>
          </reporter-output>
        </test-method> <!-- selectProduct -->
        <test-method signature="addToCart()[pri:0, instance:AmazonSiteTesting.AmazonTest@61884cb1]" started-at="2020-12-18T08:34:52 IST" name="addToCart" finished-at="2020-12-18T08:35:27 IST" depends-on-methods="AmazonSiteTesting.AmazonTest.selectProduct" duration-ms="34965" status="PASS">
          <reporter-output>
          </reporter-output>
        </test-method> <!-- addToCart -->
        <test-method signature="login()[pri:0, instance:AmazonSiteTesting.AmazonTest@61884cb1]" started-at="2020-12-18T08:35:27 IST" name="login" finished-at="2020-12-18T08:35:27 IST" depends-on-methods="AmazonSiteTesting.AmazonTest.addToCart" duration-ms="2" status="PASS">
          <reporter-output>
          </reporter-output>
        </test-method> <!-- login -->
        <test-method is-config="true" signature="afterTest()[pri:0, instance:AmazonSiteTesting.AmazonTest@61884cb1]" started-at="2020-12-18T08:35:27 IST" name="afterTest" finished-at="2020-12-18T08:35:31 IST" duration-ms="3590" status="PASS">
          <reporter-output>
          </reporter-output>
        </test-method> <!-- afterTest -->
      </class> <!-- AmazonSiteTesting.AmazonTest -->
    </test> <!-- Default test -->
  </suite> <!-- Default suite -->
</testng-results>
